Sep-29 12:52:26.230 [main] DEBUG nextflow.cli.Launcher - $> nextflow run tutorial.nf -resume
Sep-29 12:52:26.377 [main] INFO  nextflow.cli.CmdRun - N E X T F L O W  ~  version 22.04.5
Sep-29 12:52:26.514 [main] DEBUG nextflow.cli.CmdRun - Applied DSL=2 from script declararion
Sep-29 12:52:26.547 [main] INFO  nextflow.cli.CmdRun - Launching `tutorial.nf` [gigantic_boyd] DSL2 - revision: f7bc674a17
Sep-29 12:52:26.569 [main] DEBUG nextflow.plugin.PluginsFacade - Setting up plugin manager > mode=prod; plugins-dir=/home/farisizzaturrahman/.nextflow/plugins; core-plugins: nf-amazon@1.7.2,nf-azure@0.13.2,nf-console@1.0.3,nf-ga4gh@1.0.3,nf-google@1.1.4,nf-sqldb@0.4.0,nf-tower@1.4.0
Sep-29 12:52:26.571 [main] DEBUG nextflow.plugin.PluginsFacade - Plugins default=[]
Sep-29 12:52:26.583 [main] INFO  org.pf4j.DefaultPluginStatusProvider - Enabled plugins: []
Sep-29 12:52:26.584 [main] INFO  org.pf4j.DefaultPluginStatusProvider - Disabled plugins: []
Sep-29 12:52:26.588 [main] INFO  org.pf4j.DefaultPluginManager - PF4J version 3.4.1 in 'deployment' mode
Sep-29 12:52:26.602 [main] INFO  org.pf4j.AbstractPluginManager - No plugins
Sep-29 12:52:26.677 [main] DEBUG nextflow.Session - Session uuid: f657945b-9bdb-4a1b-8137-c19512fdeccd
Sep-29 12:52:26.677 [main] DEBUG nextflow.Session - Run name: gigantic_boyd
Sep-29 12:52:26.679 [main] DEBUG nextflow.Session - Executor pool size: 4
Sep-29 12:52:26.706 [main] DEBUG nextflow.cli.CmdRun - 
  Version: 22.04.5 build 5708
  Created: 15-07-2022 16:09 UTC (23:09 WIST)
  System: Linux 5.10.16.3-microsoft-standard-WSL2
  Runtime: Groovy 3.0.10 on OpenJDK 64-Bit Server VM 1.8.0_332-b09
  Encoding: UTF-8 (UTF-8)
  Process: 16522@DESKTOP-OJ0QC0A [127.0.1.1]
  CPUs: 4 - Mem: 9.2 GB (7.9 GB) - Swap: 3 GB (3 GB)
Sep-29 12:52:26.747 [main] DEBUG nextflow.Session - Work-dir: /home/farisizzaturrahman/program/nextflow/work [ext2/ext3]
Sep-29 12:52:26.747 [main] DEBUG nextflow.Session - Script base path does not exist or is not a directory: /home/farisizzaturrahman/program/nextflow/bin
Sep-29 12:52:26.760 [main] DEBUG nextflow.executor.ExecutorFactory - Extension executors providers=[]
Sep-29 12:52:26.869 [main] DEBUG nextflow.Session - Observer factory: DefaultObserverFactory
Sep-29 12:52:26.909 [main] DEBUG nextflow.cache.CacheFactory - Using Nextflow cache factory: nextflow.cache.DefaultCacheFactory
Sep-29 12:52:26.921 [main] DEBUG nextflow.util.CustomThreadPool - Creating default thread pool > poolSize: 5; maxThreads: 1000
Sep-29 12:52:27.963 [main] DEBUG nextflow.Session - Session start invoked
Sep-29 12:52:28.972 [main] DEBUG nextflow.script.ScriptRunner - > Launching execution
Sep-29 12:52:29.129 [main] DEBUG nextflow.executor.ExecutorFactory - << taskConfig executor: null
Sep-29 12:52:29.129 [main] DEBUG nextflow.executor.ExecutorFactory - >> processorType: 'local'
Sep-29 12:52:29.136 [main] DEBUG nextflow.executor.Executor - [warm up] executor > local
Sep-29 12:52:29.143 [main] DEBUG n.processor.LocalPollingMonitor - Creating local task monitor for executor 'local' > cpus=4; memory=9.2 GB; capacity=4; pollInterval=100ms; dumpInterval=5m
Sep-29 12:52:29.357 [main] DEBUG nextflow.executor.ExecutorFactory - << taskConfig executor: null
Sep-29 12:52:29.357 [main] DEBUG nextflow.executor.ExecutorFactory - >> processorType: 'local'
Sep-29 12:52:29.363 [main] DEBUG nextflow.executor.ExecutorFactory - << taskConfig executor: null
Sep-29 12:52:29.363 [main] DEBUG nextflow.executor.ExecutorFactory - >> processorType: 'local'
Sep-29 12:52:29.389 [main] DEBUG nextflow.Session - Workflow process names [dsl2]: convertToUpper, reverseWord, splitLetters
Sep-29 12:52:29.389 [main] DEBUG nextflow.Session - Ignite dataflow network (3)
Sep-29 12:52:29.390 [main] DEBUG nextflow.processor.TaskProcessor - Starting process > splitLetters
Sep-29 12:52:29.392 [main] DEBUG nextflow.processor.TaskProcessor - Starting process > convertToUpper
Sep-29 12:52:29.394 [main] DEBUG nextflow.processor.TaskProcessor - Starting process > reverseWord
Sep-29 12:52:29.394 [main] DEBUG nextflow.script.ScriptRunner - > Await termination 
Sep-29 12:52:29.394 [main] DEBUG nextflow.Session - Session await
Sep-29 12:52:29.705 [Actor Thread 4] INFO  nextflow.processor.TaskProcessor - [88/9151b1] Cached process > splitLetters
Sep-29 12:52:29.786 [Actor Thread 4] INFO  nextflow.processor.TaskProcessor - [f2/437590] Cached process > convertToUpper (1)
Sep-29 12:52:29.800 [Actor Thread 6] INFO  nextflow.processor.TaskProcessor - [71/b0c6ef] Cached process > convertToUpper (2)
Sep-29 12:52:29.821 [Actor Thread 3] INFO  nextflow.processor.TaskProcessor - [c7/bb35a7] Cached process > reverseWord (1)
Sep-29 12:52:29.824 [Actor Thread 1] INFO  nextflow.processor.TaskProcessor - [34/4330b0] Cached process > reverseWord (2)
Sep-29 12:52:29.827 [main] DEBUG nextflow.Session - Session await > all process finished
Sep-29 12:52:29.855 [main] DEBUG nextflow.Session - Session await > all barriers passed
Sep-29 12:52:29.864 [main] DEBUG nextflow.trace.WorkflowStatsObserver - Workflow completed > WorkflowStats[succeededCount=0; failedCount=0; ignoredCount=0; cachedCount=5; pendingCount=0; submittedCount=0; runningCount=0; retriesCount=0; abortedCount=0; succeedDuration=0ms; failedDuration=0ms; cachedDuration=110ms;loadCpus=0; loadMemory=0; peakRunning=0; peakCpus=0; peakMemory=0; ]
Sep-29 12:52:30.047 [main] DEBUG nextflow.cache.CacheDB - Closing CacheDB done
Sep-29 12:52:30.064 [main] DEBUG nextflow.script.ScriptRunner - > Execution complete -- Goodbye
